<?xml version="1.0" encoding="UTF-8"?>
<robot generator="Robot 7.0.1 (Python 3.12.5 on win32)" generated="2024-09-16T17:38:22.092929" rpa="false" schemaversion="5">
<suite id="s1" name="Testcase1" source="c:\Users\nartk\OneDrive\Documents\Module_1_S3\Software_Testing_Project\software-testing-project\TestCases\testcase1.robot">
<test id="s1-t1" name="TC_UI_1 - Verify all product categories have landing pages" line="12">
<kw name="Open Browser" owner="SeleniumLibrary">
<msg time="2024-09-16T17:38:22.349065" level="INFO">Opening browser 'Chrome' to base url 'http://jimms.fi'.</msg>
<arg>${URL}</arg>
<arg>Chrome</arg>
<arg>options=add_argument("disable-search-engine-choice-screen"); add_experimental_option("detach", True)</arg>
<doc>Opens a new browser instance to the optional ``url``.</doc>
<status status="PASS" start="2024-09-16T17:38:22.349065" elapsed="2.568888"/>
</kw>
<kw name="Sleep" owner="BuiltIn">
<msg time="2024-09-16T17:38:25.421362" level="INFO">Slept 500 milliseconds.</msg>
<arg>0.5s</arg>
<doc>Pauses the test executed for the given time.</doc>
<status status="PASS" start="2024-09-16T17:38:24.919954" elapsed="0.501916"/>
</kw>
<kw name="Maximize Browser Window" owner="SeleniumLibrary">
<doc>Maximizes current browser window.</doc>
<status status="PASS" start="2024-09-16T17:38:25.423883" elapsed="0.183099"/>
</kw>
<kw name="Sleep" owner="BuiltIn">
<msg time="2024-09-16T17:38:27.609337" level="INFO">Slept 2 seconds.</msg>
<arg>2s</arg>
<doc>Pauses the test executed for the given time.</doc>
<status status="PASS" start="2024-09-16T17:38:25.607981" elapsed="2.001356"/>
</kw>
<for flavor="IN RANGE">
<iter>
<kw name="Set Variable" owner="BuiltIn">
<msg time="2024-09-16T17:38:27.610810" level="INFO">${main_xpath} = xpath:/html/body/header/div/div[1]/jim-drilldown-mega-menu/nav/ul/li[1]/a</msg>
<var>${main_xpath}</var>
<arg>${MAIN_XPATHS}[${index}]</arg>
<doc>Returns the given values which can then be assigned to a variables.</doc>
<status status="PASS" start="2024-09-16T17:38:27.610810" elapsed="0.000000"/>
</kw>
<kw name="Set Variable" owner="BuiltIn">
<msg time="2024-09-16T17:38:27.611833" level="INFO">${sub_xpath} = xpath:/html/body/header/div/div[1]/jim-drilldown-mega-menu/nav/ul/li[1]/div/ul/li[1]/a</msg>
<var>${sub_xpath}</var>
<arg>${SUB_XPATHS}[${index}]</arg>
<doc>Returns the given values which can then be assigned to a variables.</doc>
<status status="PASS" start="2024-09-16T17:38:27.610810" elapsed="0.001023"/>
</kw>
<kw name="Set Variable" owner="BuiltIn">
<msg time="2024-09-16T17:38:27.613814" level="INFO">${name} = Tietokoneet</msg>
<var>${name}</var>
<arg>${CATEGORIES}[${index}]</arg>
<doc>Returns the given values which can then be assigned to a variables.</doc>
<status status="PASS" start="2024-09-16T17:38:27.611833" elapsed="0.001981"/>
</kw>
<kw name="Wait Until Element Is Visible" owner="SeleniumLibrary">
<arg>${main_xpath}</arg>
<arg>timeout=10s</arg>
<doc>Waits until the element ``locator`` is visible.</doc>
<status status="PASS" start="2024-09-16T17:38:27.614822" elapsed="0.044642"/>
</kw>
<kw name="Wait Until Element Is Enabled" owner="SeleniumLibrary">
<arg>${main_xpath}</arg>
<arg>timeout=10s</arg>
<doc>Waits until the element ``locator`` is enabled.</doc>
<status status="PASS" start="2024-09-16T17:38:27.659464" elapsed="0.033584"/>
</kw>
<kw name="Sleep" owner="BuiltIn">
<msg time="2024-09-16T17:38:28.693697" level="INFO">Slept 1 second.</msg>
<arg>1s</arg>
<doc>Pauses the test executed for the given time.</doc>
<status status="PASS" start="2024-09-16T17:38:27.693048" elapsed="1.002114"/>
</kw>
<kw name="Click Element" owner="SeleniumLibrary">
<msg time="2024-09-16T17:38:28.697183" level="INFO">Clicking element 'xpath:/html/body/header/div/div[1]/jim-drilldown-mega-menu/nav/ul/li[1]/a'.</msg>
<arg>${main_xpath}</arg>
<doc>Click the element identified by ``locator``.</doc>
<status status="PASS" start="2024-09-16T17:38:28.696189" elapsed="0.143209"/>
</kw>
<kw name="Sleep" owner="BuiltIn">
<msg time="2024-09-16T17:38:29.343020" level="INFO">Slept 500 milliseconds.</msg>
<arg>0.5s</arg>
<doc>Pauses the test executed for the given time.</doc>
<status status="PASS" start="2024-09-16T17:38:28.841398" elapsed="0.502236"/>
</kw>
<kw name="Click Element" owner="SeleniumLibrary">
<msg time="2024-09-16T17:38:29.344745" level="INFO">Clicking element 'xpath:/html/body/header/div/div[1]/jim-drilldown-mega-menu/nav/ul/li[1]/div/ul/li[1]/a'.</msg>
<arg>${sub_xpath}</arg>
<doc>Click the element identified by ``locator``.</doc>
<status status="PASS" start="2024-09-16T17:38:29.343634" elapsed="0.389746"/>
</kw>
<kw name="Sleep" owner="BuiltIn">
<msg time="2024-09-16T17:38:31.734703" level="INFO">Slept 2 seconds.</msg>
<arg>2s</arg>
<doc>Pauses the test executed for the given time.</doc>
<status status="PASS" start="2024-09-16T17:38:29.733380" elapsed="2.001833"/>
</kw>
<kw name="Page Should Contain" owner="SeleniumLibrary">
<msg time="2024-09-16T17:38:31.784677" level="INFO">Current page contains text 'Tietokoneet'.</msg>
<arg>${name}</arg>
<doc>Verifies that current page contains ``text``.</doc>
<status status="PASS" start="2024-09-16T17:38:31.736242" elapsed="0.048435"/>
</kw>
<kw name="Capture Page Screenshot" owner="SeleniumLibrary">
<msg time="2024-09-16T17:38:32.210268" level="INFO" html="true">&lt;/td&gt;&lt;/tr&gt;&lt;tr&gt;&lt;td colspan="3"&gt;&lt;a href="selenium-screenshot-1.png"&gt;&lt;img src="selenium-screenshot-1.png" width="800px"&gt;&lt;/a&gt;</msg>
<doc>Takes a screenshot of the current page and embeds it into a log file.</doc>
<status status="PASS" start="2024-09-16T17:38:31.786783" elapsed="0.423485"/>
</kw>
<kw name="Go Back" owner="SeleniumLibrary">
<doc>Simulates the user clicking the back button on their browser.</doc>
<status status="PASS" start="2024-09-16T17:38:32.210268" elapsed="0.071280"/>
</kw>
<kw name="Sleep" owner="BuiltIn">
<msg time="2024-09-16T17:38:33.283190" level="INFO">Slept 1 second.</msg>
<arg>1s</arg>
<doc>Pauses the test executed for the given time.</doc>
<status status="PASS" start="2024-09-16T17:38:32.282577" elapsed="1.000613"/>
</kw>
<var name="${index}">0</var>
<status status="PASS" start="2024-09-16T17:38:27.610810" elapsed="5.673670"/>
</iter>
<iter>
<kw name="Set Variable" owner="BuiltIn">
<msg time="2024-09-16T17:38:33.290002" level="INFO">${main_xpath} = xpath:/html/body/header/div/div[1]/jim-drilldown-mega-menu/nav/ul/li[2]/a</msg>
<var>${main_xpath}</var>
<arg>${MAIN_XPATHS}[${index}]</arg>
<doc>Returns the given values which can then be assigned to a variables.</doc>
<status status="PASS" start="2024-09-16T17:38:33.288481" elapsed="0.002564"/>
</kw>
<kw name="Set Variable" owner="BuiltIn">
<msg time="2024-09-16T17:38:33.293074" level="INFO">${sub_xpath} = xpath:/html/body/header/div/div[1]/jim-drilldown-mega-menu/nav/ul/li[2]/div/ul/li[1]/a</msg>
<var>${sub_xpath}</var>
<arg>${SUB_XPATHS}[${index}]</arg>
<doc>Returns the given values which can then be assigned to a variables.</doc>
<status status="PASS" start="2024-09-16T17:38:33.292030" elapsed="0.002044"/>
</kw>
<kw name="Set Variable" owner="BuiltIn">
<msg time="2024-09-16T17:38:33.296078" level="INFO">${name} = Komponentit</msg>
<var>${name}</var>
<arg>${CATEGORIES}[${index}]</arg>
<doc>Returns the given values which can then be assigned to a variables.</doc>
<status status="PASS" start="2024-09-16T17:38:33.295071" elapsed="0.001007"/>
</kw>
<kw name="Wait Until Element Is Visible" owner="SeleniumLibrary">
<arg>${main_xpath}</arg>
<arg>timeout=10s</arg>
<doc>Waits until the element ``locator`` is visible.</doc>
<status status="PASS" start="2024-09-16T17:38:33.297079" elapsed="0.067912"/>
</kw>
<kw name="Wait Until Element Is Enabled" owner="SeleniumLibrary">
<arg>${main_xpath}</arg>
<arg>timeout=10s</arg>
<doc>Waits until the element ``locator`` is enabled.</doc>
<status status="PASS" start="2024-09-16T17:38:33.365969" elapsed="0.075734"/>
</kw>
<kw name="Sleep" owner="BuiltIn">
<msg time="2024-09-16T17:38:34.444151" level="INFO">Slept 1 second.</msg>
<arg>1s</arg>
<doc>Pauses the test executed for the given time.</doc>
<status status="PASS" start="2024-09-16T17:38:33.443706" elapsed="1.001471"/>
</kw>
<kw name="Click Element" owner="SeleniumLibrary">
<msg time="2024-09-16T17:38:34.447174" level="INFO">Clicking element 'xpath:/html/body/header/div/div[1]/jim-drilldown-mega-menu/nav/ul/li[2]/a'.</msg>
<arg>${main_xpath}</arg>
<doc>Click the element identified by ``locator``.</doc>
<status status="PASS" start="2024-09-16T17:38:34.446237" elapsed="0.116118"/>
</kw>
<kw name="Sleep" owner="BuiltIn">
<msg time="2024-09-16T17:38:35.064981" level="INFO">Slept 500 milliseconds.</msg>
<arg>0.5s</arg>
<doc>Pauses the test executed for the given time.</doc>
<status status="PASS" start="2024-09-16T17:38:34.563353" elapsed="0.502658"/>
</kw>
<kw name="Click Element" owner="SeleniumLibrary">
<msg time="2024-09-16T17:38:35.068013" level="INFO">Clicking element 'xpath:/html/body/header/div/div[1]/jim-drilldown-mega-menu/nav/ul/li[2]/div/ul/li[1]/a'.</msg>
<arg>${sub_xpath}</arg>
<doc>Click the element identified by ``locator``.</doc>
<status status="PASS" start="2024-09-16T17:38:35.066011" elapsed="0.550070"/>
</kw>
<kw name="Sleep" owner="BuiltIn">
<msg time="2024-09-16T17:38:37.618353" level="INFO">Slept 2 seconds.</msg>
<arg>2s</arg>
<doc>Pauses the test executed for the given time.</doc>
<status status="PASS" start="2024-09-16T17:38:35.617073" elapsed="2.002287"/>
</kw>
<kw name="Page Should Contain" owner="SeleniumLibrary">
<msg time="2024-09-16T17:38:37.666226" level="INFO">Current page contains text 'Komponentit'.</msg>
<arg>${name}</arg>
<doc>Verifies that current page contains ``text``.</doc>
<status status="PASS" start="2024-09-16T17:38:37.620358" elapsed="0.048867"/>
</kw>
<kw name="Capture Page Screenshot" owner="SeleniumLibrary">
<msg time="2024-09-16T17:38:38.081449" level="INFO" html="true">&lt;/td&gt;&lt;/tr&gt;&lt;tr&gt;&lt;td colspan="3"&gt;&lt;a href="selenium-screenshot-2.png"&gt;&lt;img src="selenium-screenshot-2.png" width="800px"&gt;&lt;/a&gt;</msg>
<doc>Takes a screenshot of the current page and embeds it into a log file.</doc>
<status status="PASS" start="2024-09-16T17:38:37.669225" elapsed="0.413224"/>
</kw>
<kw name="Go Back" owner="SeleniumLibrary">
<doc>Simulates the user clicking the back button on their browser.</doc>
<status status="PASS" start="2024-09-16T17:38:38.083448" elapsed="0.051538"/>
</kw>
<kw name="Sleep" owner="BuiltIn">
<msg time="2024-09-16T17:38:39.137712" level="INFO">Slept 1 second.</msg>
<arg>1s</arg>
<doc>Pauses the test executed for the given time.</doc>
<status status="PASS" start="2024-09-16T17:38:38.135983" elapsed="1.001729"/>
</kw>
<var name="${index}">1</var>
<status status="PASS" start="2024-09-16T17:38:33.286478" elapsed="5.852296"/>
</iter>
<iter>
<kw name="Set Variable" owner="BuiltIn">
<msg time="2024-09-16T17:38:39.140737" level="INFO">${main_xpath} = xpath:/html/body/header/div/div[1]/jim-drilldown-mega-menu/nav/ul/li[3]/a</msg>
<var>${main_xpath}</var>
<arg>${MAIN_XPATHS}[${index}]</arg>
<doc>Returns the given values which can then be assigned to a variables.</doc>
<status status="PASS" start="2024-09-16T17:38:39.139739" elapsed="0.001995"/>
</kw>
<kw name="Set Variable" owner="BuiltIn">
<msg time="2024-09-16T17:38:39.142316" level="INFO">${sub_xpath} = xpath:/html/body/header/div/div[1]/jim-drilldown-mega-menu/nav/ul/li[3]/div/ul/li[1]/a</msg>
<var>${sub_xpath}</var>
<arg>${SUB_XPATHS}[${index}]</arg>
<doc>Returns the given values which can then be assigned to a variables.</doc>
<status status="PASS" start="2024-09-16T17:38:39.142316" elapsed="0.001080"/>
</kw>
<kw name="Set Variable" owner="BuiltIn">
<msg time="2024-09-16T17:38:39.144397" level="INFO">${name} = Oheislaitteet</msg>
<var>${name}</var>
<arg>${CATEGORIES}[${index}]</arg>
<doc>Returns the given values which can then be assigned to a variables.</doc>
<status status="PASS" start="2024-09-16T17:38:39.143396" elapsed="0.002002"/>
</kw>
<kw name="Wait Until Element Is Visible" owner="SeleniumLibrary">
<arg>${main_xpath}</arg>
<arg>timeout=10s</arg>
<doc>Waits until the element ``locator`` is visible.</doc>
<status status="PASS" start="2024-09-16T17:38:39.145398" elapsed="0.058312"/>
</kw>
<kw name="Wait Until Element Is Enabled" owner="SeleniumLibrary">
<arg>${main_xpath}</arg>
<arg>timeout=10s</arg>
<doc>Waits until the element ``locator`` is enabled.</doc>
<status status="PASS" start="2024-09-16T17:38:39.204731" elapsed="0.054551"/>
</kw>
<kw name="Sleep" owner="BuiltIn">
<msg time="2024-09-16T17:38:40.261812" level="INFO">Slept 1 second.</msg>
<arg>1s</arg>
<doc>Pauses the test executed for the given time.</doc>
<status status="PASS" start="2024-09-16T17:38:39.260338" elapsed="1.001474"/>
</kw>
<kw name="Click Element" owner="SeleniumLibrary">
<msg time="2024-09-16T17:38:40.263889" level="INFO">Clicking element 'xpath:/html/body/header/div/div[1]/jim-drilldown-mega-menu/nav/ul/li[3]/a'.</msg>
<arg>${main_xpath}</arg>
<doc>Click the element identified by ``locator``.</doc>
<status status="PASS" start="2024-09-16T17:38:40.262896" elapsed="0.137686"/>
</kw>
<kw name="Sleep" owner="BuiltIn">
<msg time="2024-09-16T17:38:40.904014" level="INFO">Slept 500 milliseconds.</msg>
<arg>0.5s</arg>
<doc>Pauses the test executed for the given time.</doc>
<status status="PASS" start="2024-09-16T17:38:40.402579" elapsed="0.501435"/>
</kw>
<kw name="Click Element" owner="SeleniumLibrary">
<msg time="2024-09-16T17:38:40.906034" level="INFO">Clicking element 'xpath:/html/body/header/div/div[1]/jim-drilldown-mega-menu/nav/ul/li[3]/div/ul/li[1]/a'.</msg>
<arg>${sub_xpath}</arg>
<doc>Click the element identified by ``locator``.</doc>
<status status="PASS" start="2024-09-16T17:38:40.905004" elapsed="0.501811"/>
</kw>
<kw name="Sleep" owner="BuiltIn">
<msg time="2024-09-16T17:38:43.409371" level="INFO">Slept 2 seconds.</msg>
<arg>2s</arg>
<doc>Pauses the test executed for the given time.</doc>
<status status="PASS" start="2024-09-16T17:38:41.407819" elapsed="2.001552"/>
</kw>
<kw name="Page Should Contain" owner="SeleniumLibrary">
<msg time="2024-09-16T17:38:43.452474" level="INFO">Current page contains text 'Oheislaitteet'.</msg>
<arg>${name}</arg>
<doc>Verifies that current page contains ``text``.</doc>
<status status="PASS" start="2024-09-16T17:38:43.410470" elapsed="0.043020"/>
</kw>
<kw name="Capture Page Screenshot" owner="SeleniumLibrary">
<msg time="2024-09-16T17:38:44.038488" level="INFO" html="true">&lt;/td&gt;&lt;/tr&gt;&lt;tr&gt;&lt;td colspan="3"&gt;&lt;a href="selenium-screenshot-3.png"&gt;&lt;img src="selenium-screenshot-3.png" width="800px"&gt;&lt;/a&gt;</msg>
<doc>Takes a screenshot of the current page and embeds it into a log file.</doc>
<status status="PASS" start="2024-09-16T17:38:43.453490" elapsed="0.586017"/>
</kw>
<kw name="Go Back" owner="SeleniumLibrary">
<doc>Simulates the user clicking the back button on their browser.</doc>
<status status="PASS" start="2024-09-16T17:38:44.040505" elapsed="0.054558"/>
</kw>
<kw name="Sleep" owner="BuiltIn">
<msg time="2024-09-16T17:38:45.097303" level="INFO">Slept 1 second.</msg>
<arg>1s</arg>
<doc>Pauses the test executed for the given time.</doc>
<status status="PASS" start="2024-09-16T17:38:44.096064" elapsed="1.001817"/>
</kw>
<var name="${index}">2</var>
<status status="PASS" start="2024-09-16T17:38:39.139739" elapsed="5.958142"/>
</iter>
<iter>
<kw name="Set Variable" owner="BuiltIn">
<msg time="2024-09-16T17:38:45.100958" level="INFO">${main_xpath} = xpath:/html/body/header/div/div[1]/jim-drilldown-mega-menu/nav/ul/li[4]/a</msg>
<var>${main_xpath}</var>
<arg>${MAIN_XPATHS}[${index}]</arg>
<doc>Returns the given values which can then be assigned to a variables.</doc>
<status status="PASS" start="2024-09-16T17:38:45.099955" elapsed="0.001003"/>
</kw>
<kw name="Set Variable" owner="BuiltIn">
<msg time="2024-09-16T17:38:45.103036" level="INFO">${sub_xpath} = xpath:/html/body/header/div/div[1]/jim-drilldown-mega-menu/nav/ul/li[4]/div/ul/li[1]/a</msg>
<var>${sub_xpath}</var>
<arg>${SUB_XPATHS}[${index}]</arg>
<doc>Returns the given values which can then be assigned to a variables.</doc>
<status status="PASS" start="2024-09-16T17:38:45.101966" elapsed="0.001070"/>
</kw>
<kw name="Set Variable" owner="BuiltIn">
<msg time="2024-09-16T17:38:45.105067" level="INFO">${name} = Pelaaminen</msg>
<var>${name}</var>
<arg>${CATEGORIES}[${index}]</arg>
<doc>Returns the given values which can then be assigned to a variables.</doc>
<status status="PASS" start="2024-09-16T17:38:45.103993" elapsed="0.001074"/>
</kw>
<kw name="Wait Until Element Is Visible" owner="SeleniumLibrary">
<arg>${main_xpath}</arg>
<arg>timeout=10s</arg>
<doc>Waits until the element ``locator`` is visible.</doc>
<status status="PASS" start="2024-09-16T17:38:45.106046" elapsed="0.052726"/>
</kw>
<kw name="Wait Until Element Is Enabled" owner="SeleniumLibrary">
<arg>${main_xpath}</arg>
<arg>timeout=10s</arg>
<doc>Waits until the element ``locator`` is enabled.</doc>
<status status="PASS" start="2024-09-16T17:38:45.159847" elapsed="0.052407"/>
</kw>
<kw name="Sleep" owner="BuiltIn">
<msg time="2024-09-16T17:38:46.213557" level="INFO">Slept 1 second.</msg>
<arg>1s</arg>
<doc>Pauses the test executed for the given time.</doc>
<status status="PASS" start="2024-09-16T17:38:45.213243" elapsed="1.000832"/>
</kw>
<kw name="Click Element" owner="SeleniumLibrary">
<msg time="2024-09-16T17:38:46.217096" level="INFO">Clicking element 'xpath:/html/body/header/div/div[1]/jim-drilldown-mega-menu/nav/ul/li[4]/a'.</msg>
<arg>${main_xpath}</arg>
<doc>Click the element identified by ``locator``.</doc>
<status status="PASS" start="2024-09-16T17:38:46.215094" elapsed="0.124974"/>
</kw>
<kw name="Sleep" owner="BuiltIn">
<msg time="2024-09-16T17:38:46.843241" level="INFO">Slept 500 milliseconds.</msg>
<arg>0.5s</arg>
<doc>Pauses the test executed for the given time.</doc>
<status status="PASS" start="2024-09-16T17:38:46.341596" elapsed="0.502669"/>
</kw>
<kw name="Click Element" owner="SeleniumLibrary">
<msg time="2024-09-16T17:38:46.847266" level="INFO">Clicking element 'xpath:/html/body/header/div/div[1]/jim-drilldown-mega-menu/nav/ul/li[4]/div/ul/li[1]/a'.</msg>
<arg>${sub_xpath}</arg>
<doc>Click the element identified by ``locator``.</doc>
<status status="PASS" start="2024-09-16T17:38:46.845262" elapsed="0.566857"/>
</kw>
<kw name="Sleep" owner="BuiltIn">
<msg time="2024-09-16T17:38:49.414894" level="INFO">Slept 2 seconds.</msg>
<arg>2s</arg>
<doc>Pauses the test executed for the given time.</doc>
<status status="PASS" start="2024-09-16T17:38:47.413115" elapsed="2.001779"/>
</kw>
<kw name="Page Should Contain" owner="SeleniumLibrary">
<msg time="2024-09-16T17:38:49.502010" level="INFO">Current page contains text 'Pelaaminen'.</msg>
<arg>${name}</arg>
<doc>Verifies that current page contains ``text``.</doc>
<status status="PASS" start="2024-09-16T17:38:49.416007" elapsed="0.087021"/>
</kw>
<kw name="Capture Page Screenshot" owner="SeleniumLibrary">
<msg time="2024-09-16T17:38:50.014997" level="INFO" html="true">&lt;/td&gt;&lt;/tr&gt;&lt;tr&gt;&lt;td colspan="3"&gt;&lt;a href="selenium-screenshot-4.png"&gt;&lt;img src="selenium-screenshot-4.png" width="800px"&gt;&lt;/a&gt;</msg>
<doc>Takes a screenshot of the current page and embeds it into a log file.</doc>
<status status="PASS" start="2024-09-16T17:38:49.504010" elapsed="0.511986"/>
</kw>
<kw name="Go Back" owner="SeleniumLibrary">
<doc>Simulates the user clicking the back button on their browser.</doc>
<status status="PASS" start="2024-09-16T17:38:50.016996" elapsed="0.073159"/>
</kw>
<kw name="Sleep" owner="BuiltIn">
<msg time="2024-09-16T17:38:51.093426" level="INFO">Slept 1 second.</msg>
<arg>1s</arg>
<doc>Pauses the test executed for the given time.</doc>
<status status="PASS" start="2024-09-16T17:38:50.092151" elapsed="1.002390"/>
</kw>
<var name="${index}">3</var>
<status status="PASS" start="2024-09-16T17:38:45.098961" elapsed="5.995580"/>
</iter>
<iter>
<kw name="Set Variable" owner="BuiltIn">
<msg time="2024-09-16T17:38:51.098534" level="INFO">${main_xpath} = xpath:/html/body/header/div/div[1]/jim-drilldown-mega-menu/nav/ul/li[5]/a</msg>
<var>${main_xpath}</var>
<arg>${MAIN_XPATHS}[${index}]</arg>
<doc>Returns the given values which can then be assigned to a variables.</doc>
<status status="PASS" start="2024-09-16T17:38:51.097534" elapsed="0.003006"/>
</kw>
<kw name="Set Variable" owner="BuiltIn">
<msg time="2024-09-16T17:38:51.103540" level="INFO">${sub_xpath} = xpath:/html/body/header/div/div[1]/jim-drilldown-mega-menu/nav/ul/li[5]/div/ul/li[1]/a</msg>
<var>${sub_xpath}</var>
<arg>${SUB_XPATHS}[${index}]</arg>
<doc>Returns the given values which can then be assigned to a variables.</doc>
<status status="PASS" start="2024-09-16T17:38:51.101546" elapsed="0.002991"/>
</kw>
<kw name="Set Variable" owner="BuiltIn">
<msg time="2024-09-16T17:38:51.106539" level="INFO">${name} = Sim Racing</msg>
<var>${name}</var>
<arg>${CATEGORIES}[${index}]</arg>
<doc>Returns the given values which can then be assigned to a variables.</doc>
<status status="PASS" start="2024-09-16T17:38:51.105538" elapsed="0.002005"/>
</kw>
<kw name="Wait Until Element Is Visible" owner="SeleniumLibrary">
<arg>${main_xpath}</arg>
<arg>timeout=10s</arg>
<doc>Waits until the element ``locator`` is visible.</doc>
<status status="PASS" start="2024-09-16T17:38:51.108541" elapsed="0.068617"/>
</kw>
<kw name="Wait Until Element Is Enabled" owner="SeleniumLibrary">
<arg>${main_xpath}</arg>
<arg>timeout=10s</arg>
<doc>Waits until the element ``locator`` is enabled.</doc>
<status status="PASS" start="2024-09-16T17:38:51.178157" elapsed="0.074857"/>
</kw>
<kw name="Sleep" owner="BuiltIn">
<msg time="2024-09-16T17:38:52.255499" level="INFO">Slept 1 second.</msg>
<arg>1s</arg>
<doc>Pauses the test executed for the given time.</doc>
<status status="PASS" start="2024-09-16T17:38:51.254008" elapsed="1.001491"/>
</kw>
<kw name="Click Element" owner="SeleniumLibrary">
<msg time="2024-09-16T17:38:52.257805" level="INFO">Clicking element 'xpath:/html/body/header/div/div[1]/jim-drilldown-mega-menu/nav/ul/li[5]/a'.</msg>
<arg>${main_xpath}</arg>
<doc>Click the element identified by ``locator``.</doc>
<status status="PASS" start="2024-09-16T17:38:52.256805" elapsed="0.162875"/>
</kw>
<kw name="Sleep" owner="BuiltIn">
<msg time="2024-09-16T17:38:52.922294" level="INFO">Slept 500 milliseconds.</msg>
<arg>0.5s</arg>
<doc>Pauses the test executed for the given time.</doc>
<status status="PASS" start="2024-09-16T17:38:52.420681" elapsed="0.501613"/>
</kw>
<kw name="Click Element" owner="SeleniumLibrary">
<msg time="2024-09-16T17:38:52.924425" level="INFO">Clicking element 'xpath:/html/body/header/div/div[1]/jim-drilldown-mega-menu/nav/ul/li[5]/div/ul/li[1]/a'.</msg>
<arg>${sub_xpath}</arg>
<doc>Click the element identified by ``locator``.</doc>
<status status="PASS" start="2024-09-16T17:38:52.923436" elapsed="0.443802"/>
</kw>
<kw name="Sleep" owner="BuiltIn">
<msg time="2024-09-16T17:38:55.369711" level="INFO">Slept 2 seconds.</msg>
<arg>2s</arg>
<doc>Pauses the test executed for the given time.</doc>
<status status="PASS" start="2024-09-16T17:38:53.368241" elapsed="2.002108"/>
</kw>
<kw name="Page Should Contain" owner="SeleniumLibrary">
<msg time="2024-09-16T17:38:55.418688" level="INFO">Current page contains text 'Sim Racing'.</msg>
<arg>${name}</arg>
<doc>Verifies that current page contains ``text``.</doc>
<status status="PASS" start="2024-09-16T17:38:55.371479" elapsed="0.048337"/>
</kw>
<kw name="Capture Page Screenshot" owner="SeleniumLibrary">
<msg time="2024-09-16T17:38:55.925114" level="INFO" html="true">&lt;/td&gt;&lt;/tr&gt;&lt;tr&gt;&lt;td colspan="3"&gt;&lt;a href="selenium-screenshot-5.png"&gt;&lt;img src="selenium-screenshot-5.png" width="800px"&gt;&lt;/a&gt;</msg>
<doc>Takes a screenshot of the current page and embeds it into a log file.</doc>
<status status="PASS" start="2024-09-16T17:38:55.420830" elapsed="0.505281"/>
</kw>
<kw name="Go Back" owner="SeleniumLibrary">
<doc>Simulates the user clicking the back button on their browser.</doc>
<status status="PASS" start="2024-09-16T17:38:55.927109" elapsed="0.078363"/>
</kw>
<kw name="Sleep" owner="BuiltIn">
<msg time="2024-09-16T17:38:57.010029" level="INFO">Slept 1 second.</msg>
<arg>1s</arg>
<doc>Pauses the test executed for the given time.</doc>
<status status="PASS" start="2024-09-16T17:38:56.007469" elapsed="1.002560"/>
</kw>
<var name="${index}">4</var>
<status status="PASS" start="2024-09-16T17:38:51.096534" elapsed="5.914736"/>
</iter>
<iter>
<kw name="Set Variable" owner="BuiltIn">
<msg time="2024-09-16T17:38:57.013277" level="INFO">${main_xpath} = xpath:/html/body/header/div/div[1]/jim-drilldown-mega-menu/nav/ul/li[6]/a</msg>
<var>${main_xpath}</var>
<arg>${MAIN_XPATHS}[${index}]</arg>
<doc>Returns the given values which can then be assigned to a variables.</doc>
<status status="PASS" start="2024-09-16T17:38:57.012268" elapsed="0.002002"/>
</kw>
<kw name="Set Variable" owner="BuiltIn">
<msg time="2024-09-16T17:38:57.015266" level="INFO">${sub_xpath} = xpath:/html/body/header/div/div[1]/jim-drilldown-mega-menu/nav/ul/li[6]/div/ul/li[1]/a</msg>
<var>${sub_xpath}</var>
<arg>${SUB_XPATHS}[${index}]</arg>
<doc>Returns the given values which can then be assigned to a variables.</doc>
<status status="PASS" start="2024-09-16T17:38:57.014270" elapsed="0.001999"/>
</kw>
<kw name="Set Variable" owner="BuiltIn">
<msg time="2024-09-16T17:38:57.017148" level="INFO">${name} = Verkkotuotteet</msg>
<var>${name}</var>
<arg>${CATEGORIES}[${index}]</arg>
<doc>Returns the given values which can then be assigned to a variables.</doc>
<status status="PASS" start="2024-09-16T17:38:57.016269" elapsed="0.001876"/>
</kw>
<kw name="Wait Until Element Is Visible" owner="SeleniumLibrary">
<arg>${main_xpath}</arg>
<arg>timeout=10s</arg>
<doc>Waits until the element ``locator`` is visible.</doc>
<status status="PASS" start="2024-09-16T17:38:57.019155" elapsed="0.053167"/>
</kw>
<kw name="Wait Until Element Is Enabled" owner="SeleniumLibrary">
<arg>${main_xpath}</arg>
<arg>timeout=10s</arg>
<doc>Waits until the element ``locator`` is enabled.</doc>
<status status="PASS" start="2024-09-16T17:38:57.073326" elapsed="0.072565"/>
</kw>
<kw name="Sleep" owner="BuiltIn">
<msg time="2024-09-16T17:38:58.148427" level="INFO">Slept 1 second.</msg>
<arg>1s</arg>
<doc>Pauses the test executed for the given time.</doc>
<status status="PASS" start="2024-09-16T17:38:57.146889" elapsed="1.002692"/>
</kw>
<kw name="Click Element" owner="SeleniumLibrary">
<msg time="2024-09-16T17:38:58.151445" level="INFO">Clicking element 'xpath:/html/body/header/div/div[1]/jim-drilldown-mega-menu/nav/ul/li[6]/a'.</msg>
<arg>${main_xpath}</arg>
<doc>Click the element identified by ``locator``.</doc>
<status status="PASS" start="2024-09-16T17:38:58.150450" elapsed="0.169317"/>
</kw>
<kw name="Sleep" owner="BuiltIn">
<msg time="2024-09-16T17:38:58.821415" level="INFO">Slept 500 milliseconds.</msg>
<arg>0.5s</arg>
<doc>Pauses the test executed for the given time.</doc>
<status status="PASS" start="2024-09-16T17:38:58.320762" elapsed="0.501790"/>
</kw>
<kw name="Click Element" owner="SeleniumLibrary">
<msg time="2024-09-16T17:38:58.824553" level="INFO">Clicking element 'xpath:/html/body/header/div/div[1]/jim-drilldown-mega-menu/nav/ul/li[6]/div/ul/li[1]/a'.</msg>
<arg>${sub_xpath}</arg>
<doc>Click the element identified by ``locator``.</doc>
<status status="PASS" start="2024-09-16T17:38:58.823550" elapsed="0.469503"/>
</kw>
<kw name="Sleep" owner="BuiltIn">
<msg time="2024-09-16T17:39:01.295697" level="INFO">Slept 2 seconds.</msg>
<arg>2s</arg>
<doc>Pauses the test executed for the given time.</doc>
<status status="PASS" start="2024-09-16T17:38:59.294047" elapsed="2.002289"/>
</kw>
<kw name="Page Should Contain" owner="SeleniumLibrary">
<msg time="2024-09-16T17:39:01.344397" level="INFO">Current page contains text 'Verkkotuotteet'.</msg>
<arg>${name}</arg>
<doc>Verifies that current page contains ``text``.</doc>
<status status="PASS" start="2024-09-16T17:39:01.297466" elapsed="0.048017"/>
</kw>
<kw name="Capture Page Screenshot" owner="SeleniumLibrary">
<msg time="2024-09-16T17:39:02.004124" level="INFO" html="true">&lt;/td&gt;&lt;/tr&gt;&lt;tr&gt;&lt;td colspan="3"&gt;&lt;a href="selenium-screenshot-6.png"&gt;&lt;img src="selenium-screenshot-6.png" width="800px"&gt;&lt;/a&gt;</msg>
<doc>Takes a screenshot of the current page and embeds it into a log file.</doc>
<status status="PASS" start="2024-09-16T17:39:01.346483" elapsed="0.658635"/>
</kw>
<kw name="Go Back" owner="SeleniumLibrary">
<doc>Simulates the user clicking the back button on their browser.</doc>
<status status="PASS" start="2024-09-16T17:39:02.006115" elapsed="0.125191"/>
</kw>
<kw name="Sleep" owner="BuiltIn">
<msg time="2024-09-16T17:39:03.133087" level="INFO">Slept 1 second.</msg>
<arg>1s</arg>
<doc>Pauses the test executed for the given time.</doc>
<status status="PASS" start="2024-09-16T17:39:02.131306" elapsed="1.002814"/>
</kw>
<var name="${index}">5</var>
<status status="PASS" start="2024-09-16T17:38:57.012268" elapsed="6.121852"/>
</iter>
<iter>
<kw name="Set Variable" owner="BuiltIn">
<msg time="2024-09-16T17:39:03.137231" level="INFO">${main_xpath} = xpath:/html/body/header/div/div[1]/jim-drilldown-mega-menu/nav/ul/li[7]/a</msg>
<var>${main_xpath}</var>
<arg>${MAIN_XPATHS}[${index}]</arg>
<doc>Returns the given values which can then be assigned to a variables.</doc>
<status status="PASS" start="2024-09-16T17:39:03.136131" elapsed="0.001100"/>
</kw>
<kw name="Set Variable" owner="BuiltIn">
<msg time="2024-09-16T17:39:03.139226" level="INFO">${sub_xpath} = xpath:/html/body/header/div/div[1]/jim-drilldown-mega-menu/nav/ul/li[7]/div/ul/li[1]/a</msg>
<var>${sub_xpath}</var>
<arg>${SUB_XPATHS}[${index}]</arg>
<doc>Returns the given values which can then be assigned to a variables.</doc>
<status status="PASS" start="2024-09-16T17:39:03.138225" elapsed="0.001001"/>
</kw>
<kw name="Set Variable" owner="BuiltIn">
<msg time="2024-09-16T17:39:03.141227" level="INFO">${name} = Tarvikkeet</msg>
<var>${name}</var>
<arg>${CATEGORIES}[${index}]</arg>
<doc>Returns the given values which can then be assigned to a variables.</doc>
<status status="PASS" start="2024-09-16T17:39:03.140219" elapsed="0.001008"/>
</kw>
<kw name="Wait Until Element Is Visible" owner="SeleniumLibrary">
<arg>${main_xpath}</arg>
<arg>timeout=10s</arg>
<doc>Waits until the element ``locator`` is visible.</doc>
<status status="PASS" start="2024-09-16T17:39:03.141227" elapsed="0.067307"/>
</kw>
<kw name="Wait Until Element Is Enabled" owner="SeleniumLibrary">
<arg>${main_xpath}</arg>
<arg>timeout=10s</arg>
<doc>Waits until the element ``locator`` is enabled.</doc>
<status status="PASS" start="2024-09-16T17:39:03.209534" elapsed="0.077429"/>
</kw>
<kw name="Sleep" owner="BuiltIn">
<msg time="2024-09-16T17:39:04.289587" level="INFO">Slept 1 second.</msg>
<arg>1s</arg>
<doc>Pauses the test executed for the given time.</doc>
<status status="PASS" start="2024-09-16T17:39:03.287963" elapsed="1.002764"/>
</kw>
<kw name="Click Element" owner="SeleniumLibrary">
<msg time="2024-09-16T17:39:04.292731" level="INFO">Clicking element 'xpath:/html/body/header/div/div[1]/jim-drilldown-mega-menu/nav/ul/li[7]/a'.</msg>
<arg>${main_xpath}</arg>
<doc>Click the element identified by ``locator``.</doc>
<status status="PASS" start="2024-09-16T17:39:04.291731" elapsed="0.148833"/>
</kw>
<kw name="Sleep" owner="BuiltIn">
<msg time="2024-09-16T17:39:04.942759" level="INFO">Slept 500 milliseconds.</msg>
<arg>0.5s</arg>
<doc>Pauses the test executed for the given time.</doc>
<status status="PASS" start="2024-09-16T17:39:04.441561" elapsed="0.502330"/>
</kw>
<kw name="Click Element" owner="SeleniumLibrary">
<msg time="2024-09-16T17:39:04.944895" level="INFO">Clicking element 'xpath:/html/body/header/div/div[1]/jim-drilldown-mega-menu/nav/ul/li[7]/div/ul/li[1]/a'.</msg>
<arg>${sub_xpath}</arg>
<doc>Click the element identified by ``locator``.</doc>
<status status="PASS" start="2024-09-16T17:39:04.943891" elapsed="0.506474"/>
</kw>
<kw name="Sleep" owner="BuiltIn">
<msg time="2024-09-16T17:39:07.452939" level="INFO">Slept 2 seconds.</msg>
<arg>2s</arg>
<doc>Pauses the test executed for the given time.</doc>
<status status="PASS" start="2024-09-16T17:39:05.451365" elapsed="2.002225"/>
</kw>
<kw name="Page Should Contain" owner="SeleniumLibrary">
<msg time="2024-09-16T17:39:07.504422" level="INFO">Current page contains text 'Tarvikkeet'.</msg>
<arg>${name}</arg>
<doc>Verifies that current page contains ``text``.</doc>
<status status="PASS" start="2024-09-16T17:39:07.454737" elapsed="0.051196"/>
</kw>
<kw name="Capture Page Screenshot" owner="SeleniumLibrary">
<msg time="2024-09-16T17:39:07.799023" level="INFO" html="true">&lt;/td&gt;&lt;/tr&gt;&lt;tr&gt;&lt;td colspan="3"&gt;&lt;a href="selenium-screenshot-7.png"&gt;&lt;img src="selenium-screenshot-7.png" width="800px"&gt;&lt;/a&gt;</msg>
<doc>Takes a screenshot of the current page and embeds it into a log file.</doc>
<status status="PASS" start="2024-09-16T17:39:07.505933" elapsed="0.294002"/>
</kw>
<kw name="Go Back" owner="SeleniumLibrary">
<doc>Simulates the user clicking the back button on their browser.</doc>
<status status="PASS" start="2024-09-16T17:39:07.800913" elapsed="0.083621"/>
</kw>
<kw name="Sleep" owner="BuiltIn">
<msg time="2024-09-16T17:39:08.887229" level="INFO">Slept 1 second.</msg>
<arg>1s</arg>
<doc>Pauses the test executed for the given time.</doc>
<status status="PASS" start="2024-09-16T17:39:07.885575" elapsed="1.002793"/>
</kw>
<var name="${index}">6</var>
<status status="PASS" start="2024-09-16T17:39:03.135121" elapsed="5.753247"/>
</iter>
<iter>
<kw name="Set Variable" owner="BuiltIn">
<msg time="2024-09-16T17:39:08.891366" level="INFO">${main_xpath} = xpath:/html/body/header/div/div[1]/jim-drilldown-mega-menu/nav/ul/li[8]/a</msg>
<var>${main_xpath}</var>
<arg>${MAIN_XPATHS}[${index}]</arg>
<doc>Returns the given values which can then be assigned to a variables.</doc>
<status status="PASS" start="2024-09-16T17:39:08.890367" elapsed="0.000999"/>
</kw>
<kw name="Set Variable" owner="BuiltIn">
<msg time="2024-09-16T17:39:08.892367" level="INFO">${sub_xpath} = xpath:/html/body/header/div/div[1]/jim-drilldown-mega-menu/nav/ul/li[8]/div/ul/li[1]/a</msg>
<var>${sub_xpath}</var>
<arg>${SUB_XPATHS}[${index}]</arg>
<doc>Returns the given values which can then be assigned to a variables.</doc>
<status status="PASS" start="2024-09-16T17:39:08.892367" elapsed="0.000997"/>
</kw>
<kw name="Set Variable" owner="BuiltIn">
<msg time="2024-09-16T17:39:08.894505" level="INFO">${name} = Erikoistuotteet</msg>
<var>${name}</var>
<arg>${CATEGORIES}[${index}]</arg>
<doc>Returns the given values which can then be assigned to a variables.</doc>
<status status="PASS" start="2024-09-16T17:39:08.893364" elapsed="0.002136"/>
</kw>
<kw name="Wait Until Element Is Visible" owner="SeleniumLibrary">
<arg>${main_xpath}</arg>
<arg>timeout=10s</arg>
<doc>Waits until the element ``locator`` is visible.</doc>
<status status="PASS" start="2024-09-16T17:39:08.895500" elapsed="0.064122"/>
</kw>
<kw name="Wait Until Element Is Enabled" owner="SeleniumLibrary">
<arg>${main_xpath}</arg>
<arg>timeout=10s</arg>
<doc>Waits until the element ``locator`` is enabled.</doc>
<status status="PASS" start="2024-09-16T17:39:08.960643" elapsed="0.070471"/>
</kw>
<kw name="Sleep" owner="BuiltIn">
<msg time="2024-09-16T17:39:10.033776" level="INFO">Slept 1 second.</msg>
<arg>1s</arg>
<doc>Pauses the test executed for the given time.</doc>
<status status="PASS" start="2024-09-16T17:39:09.032222" elapsed="1.002446"/>
</kw>
<kw name="Click Element" owner="SeleniumLibrary">
<msg time="2024-09-16T17:39:10.036372" level="INFO">Clicking element 'xpath:/html/body/header/div/div[1]/jim-drilldown-mega-menu/nav/ul/li[8]/a'.</msg>
<arg>${main_xpath}</arg>
<doc>Click the element identified by ``locator``.</doc>
<status status="PASS" start="2024-09-16T17:39:10.035305" elapsed="0.154399"/>
</kw>
<kw name="Sleep" owner="BuiltIn">
<msg time="2024-09-16T17:39:10.692636" level="INFO">Slept 500 milliseconds.</msg>
<arg>0.5s</arg>
<doc>Pauses the test executed for the given time.</doc>
<status status="PASS" start="2024-09-16T17:39:10.190670" elapsed="0.503115"/>
</kw>
<kw name="Click Element" owner="SeleniumLibrary">
<msg time="2024-09-16T17:39:10.695429" level="INFO">Clicking element 'xpath:/html/body/header/div/div[1]/jim-drilldown-mega-menu/nav/ul/li[8]/div/ul/li[1]/a'.</msg>
<arg>${sub_xpath}</arg>
<doc>Click the element identified by ``locator``.</doc>
<status status="PASS" start="2024-09-16T17:39:10.693785" elapsed="0.462250"/>
</kw>
<kw name="Sleep" owner="BuiltIn">
<msg time="2024-09-16T17:39:13.157487" level="INFO">Slept 2 seconds.</msg>
<arg>2s</arg>
<doc>Pauses the test executed for the given time.</doc>
<status status="PASS" start="2024-09-16T17:39:11.157036" elapsed="2.001104"/>
</kw>
<kw name="Page Should Contain" owner="SeleniumLibrary">
<msg time="2024-09-16T17:39:13.205374" level="INFO">Current page contains text 'Erikoistuotteet'.</msg>
<arg>${name}</arg>
<doc>Verifies that current page contains ``text``.</doc>
<status status="PASS" start="2024-09-16T17:39:13.159273" elapsed="0.046101"/>
</kw>
<kw name="Capture Page Screenshot" owner="SeleniumLibrary">
<msg time="2024-09-16T17:39:13.652640" level="INFO" html="true">&lt;/td&gt;&lt;/tr&gt;&lt;tr&gt;&lt;td colspan="3"&gt;&lt;a href="selenium-screenshot-8.png"&gt;&lt;img src="selenium-screenshot-8.png" width="800px"&gt;&lt;/a&gt;</msg>
<doc>Takes a screenshot of the current page and embeds it into a log file.</doc>
<status status="PASS" start="2024-09-16T17:39:13.206373" elapsed="0.447256"/>
</kw>
<kw name="Go Back" owner="SeleniumLibrary">
<doc>Simulates the user clicking the back button on their browser.</doc>
<status status="PASS" start="2024-09-16T17:39:13.654516" elapsed="0.076564"/>
</kw>
<kw name="Sleep" owner="BuiltIn">
<msg time="2024-09-16T17:39:14.732600" level="INFO">Slept 1 second.</msg>
<arg>1s</arg>
<doc>Pauses the test executed for the given time.</doc>
<status status="PASS" start="2024-09-16T17:39:13.732129" elapsed="1.001612"/>
</kw>
<var name="${index}">7</var>
<status status="PASS" start="2024-09-16T17:39:08.889348" elapsed="5.844393"/>
</iter>
<iter>
<kw name="Set Variable" owner="BuiltIn">
<msg time="2024-09-16T17:39:14.736853" level="INFO">${main_xpath} = xpath:/html/body/header/div/div[1]/jim-drilldown-mega-menu/nav/ul/li[9]/a</msg>
<var>${main_xpath}</var>
<arg>${MAIN_XPATHS}[${index}]</arg>
<doc>Returns the given values which can then be assigned to a variables.</doc>
<status status="PASS" start="2024-09-16T17:39:14.735744" elapsed="0.001109"/>
</kw>
<kw name="Set Variable" owner="BuiltIn">
<msg time="2024-09-16T17:39:14.739848" level="INFO">${sub_xpath} = xpath:/html/body/header/div/div[1]/jim-drilldown-mega-menu/nav/ul/li[9]/div/ul/li[1]/a</msg>
<var>${sub_xpath}</var>
<arg>${SUB_XPATHS}[${index}]</arg>
<doc>Returns the given values which can then be assigned to a variables.</doc>
<status status="PASS" start="2024-09-16T17:39:14.738728" elapsed="0.001120"/>
</kw>
<kw name="Set Variable" owner="BuiltIn">
<msg time="2024-09-16T17:39:14.741846" level="INFO">${name} = Ohjelmistot</msg>
<var>${name}</var>
<arg>${CATEGORIES}[${index}]</arg>
<doc>Returns the given values which can then be assigned to a variables.</doc>
<status status="PASS" start="2024-09-16T17:39:14.740842" elapsed="0.001004"/>
</kw>
<kw name="Wait Until Element Is Visible" owner="SeleniumLibrary">
<arg>${main_xpath}</arg>
<arg>timeout=10s</arg>
<doc>Waits until the element ``locator`` is visible.</doc>
<status status="PASS" start="2024-09-16T17:39:14.742846" elapsed="0.062021"/>
</kw>
<kw name="Wait Until Element Is Enabled" owner="SeleniumLibrary">
<arg>${main_xpath}</arg>
<arg>timeout=10s</arg>
<doc>Waits until the element ``locator`` is enabled.</doc>
<status status="PASS" start="2024-09-16T17:39:14.805851" elapsed="0.073704"/>
</kw>
<kw name="Sleep" owner="BuiltIn">
<msg time="2024-09-16T17:39:15.882253" level="INFO">Slept 1 second.</msg>
<arg>1s</arg>
<doc>Pauses the test executed for the given time.</doc>
<status status="PASS" start="2024-09-16T17:39:14.880561" elapsed="1.002716"/>
</kw>
<kw name="Click Element" owner="SeleniumLibrary">
<msg time="2024-09-16T17:39:15.885275" level="INFO">Clicking element 'xpath:/html/body/header/div/div[1]/jim-drilldown-mega-menu/nav/ul/li[9]/a'.</msg>
<arg>${main_xpath}</arg>
<doc>Click the element identified by ``locator``.</doc>
<status status="PASS" start="2024-09-16T17:39:15.884273" elapsed="0.141900"/>
</kw>
<kw name="Sleep" owner="BuiltIn">
<msg time="2024-09-16T17:39:16.529101" level="INFO">Slept 500 milliseconds.</msg>
<arg>0.5s</arg>
<doc>Pauses the test executed for the given time.</doc>
<status status="PASS" start="2024-09-16T17:39:16.027150" elapsed="0.503092"/>
</kw>
<kw name="Click Element" owner="SeleniumLibrary">
<msg time="2024-09-16T17:39:16.531235" level="INFO">Clicking element 'xpath:/html/body/header/div/div[1]/jim-drilldown-mega-menu/nav/ul/li[9]/div/ul/li[1]/a'.</msg>
<arg>${sub_xpath}</arg>
<doc>Click the element identified by ``locator``.</doc>
<status status="PASS" start="2024-09-16T17:39:16.531235" elapsed="0.459983"/>
</kw>
<kw name="Sleep" owner="BuiltIn">
<msg time="2024-09-16T17:39:18.992675" level="INFO">Slept 2 seconds.</msg>
<arg>2s</arg>
<doc>Pauses the test executed for the given time.</doc>
<status status="PASS" start="2024-09-16T17:39:16.991218" elapsed="2.002595"/>
</kw>
<kw name="Page Should Contain" owner="SeleniumLibrary">
<msg time="2024-09-16T17:39:19.045684" level="INFO">Current page contains text 'Ohjelmistot'.</msg>
<arg>${name}</arg>
<doc>Verifies that current page contains ``text``.</doc>
<status status="PASS" start="2024-09-16T17:39:18.993813" elapsed="0.052875"/>
</kw>
<kw name="Capture Page Screenshot" owner="SeleniumLibrary">
<msg time="2024-09-16T17:39:19.476317" level="INFO" html="true">&lt;/td&gt;&lt;/tr&gt;&lt;tr&gt;&lt;td colspan="3"&gt;&lt;a href="selenium-screenshot-9.png"&gt;&lt;img src="selenium-screenshot-9.png" width="800px"&gt;&lt;/a&gt;</msg>
<doc>Takes a screenshot of the current page and embeds it into a log file.</doc>
<status status="PASS" start="2024-09-16T17:39:19.047681" elapsed="0.429758"/>
</kw>
<kw name="Go Back" owner="SeleniumLibrary">
<doc>Simulates the user clicking the back button on their browser.</doc>
<status status="PASS" start="2024-09-16T17:39:19.478429" elapsed="0.087771"/>
</kw>
<kw name="Sleep" owner="BuiltIn">
<msg time="2024-09-16T17:39:20.568595" level="INFO">Slept 1 second.</msg>
<arg>1s</arg>
<doc>Pauses the test executed for the given time.</doc>
<status status="PASS" start="2024-09-16T17:39:19.567199" elapsed="1.002431"/>
</kw>
<var name="${index}">8</var>
<status status="PASS" start="2024-09-16T17:39:14.734742" elapsed="5.834888"/>
</iter>
<iter>
<kw name="Set Variable" owner="BuiltIn">
<msg time="2024-09-16T17:39:20.572618" level="INFO">${main_xpath} = xpath:/html/body/header/div/div[1]/jim-drilldown-mega-menu/nav/ul/li[10]/a</msg>
<var>${main_xpath}</var>
<arg>${MAIN_XPATHS}[${index}]</arg>
<doc>Returns the given values which can then be assigned to a variables.</doc>
<status status="PASS" start="2024-09-16T17:39:20.571737" elapsed="0.000881"/>
</kw>
<kw name="Set Variable" owner="BuiltIn">
<msg time="2024-09-16T17:39:20.573730" level="INFO">${sub_xpath} = xpath:/html/body/header/div/div[1]/jim-drilldown-mega-menu/nav/ul/li[10]/div/ul/li[1]/a</msg>
<var>${sub_xpath}</var>
<arg>${SUB_XPATHS}[${index}]</arg>
<doc>Returns the given values which can then be assigned to a variables.</doc>
<status status="PASS" start="2024-09-16T17:39:20.573730" elapsed="0.000000"/>
</kw>
<kw name="Set Variable" owner="BuiltIn">
<msg time="2024-09-16T17:39:20.576503" level="INFO">${name} = Palvelut</msg>
<var>${name}</var>
<arg>${CATEGORIES}[${index}]</arg>
<doc>Returns the given values which can then be assigned to a variables.</doc>
<status status="PASS" start="2024-09-16T17:39:20.575364" elapsed="0.001139"/>
</kw>
<kw name="Wait Until Element Is Visible" owner="SeleniumLibrary">
<arg>${main_xpath}</arg>
<arg>timeout=10s</arg>
<doc>Waits until the element ``locator`` is visible.</doc>
<status status="PASS" start="2024-09-16T17:39:20.577508" elapsed="0.062530"/>
</kw>
<kw name="Wait Until Element Is Enabled" owner="SeleniumLibrary">
<arg>${main_xpath}</arg>
<arg>timeout=10s</arg>
<doc>Waits until the element ``locator`` is enabled.</doc>
<status status="PASS" start="2024-09-16T17:39:20.641032" elapsed="0.071988"/>
</kw>
<kw name="Sleep" owner="BuiltIn">
<msg time="2024-09-16T17:39:21.715496" level="INFO">Slept 1 second.</msg>
<arg>1s</arg>
<doc>Pauses the test executed for the given time.</doc>
<status status="PASS" start="2024-09-16T17:39:20.714019" elapsed="1.002492"/>
</kw>
<kw name="Click Element" owner="SeleniumLibrary">
<msg time="2024-09-16T17:39:21.717517" level="INFO">Clicking element 'xpath:/html/body/header/div/div[1]/jim-drilldown-mega-menu/nav/ul/li[10]/a'.</msg>
<arg>${main_xpath}</arg>
<doc>Click the element identified by ``locator``.</doc>
<status status="PASS" start="2024-09-16T17:39:21.716511" elapsed="0.136460"/>
</kw>
<kw name="Sleep" owner="BuiltIn">
<msg time="2024-09-16T17:39:22.355599" level="INFO">Slept 500 milliseconds.</msg>
<arg>0.5s</arg>
<doc>Pauses the test executed for the given time.</doc>
<status status="PASS" start="2024-09-16T17:39:21.853975" elapsed="0.502767"/>
</kw>
<kw name="Click Element" owner="SeleniumLibrary">
<msg time="2024-09-16T17:39:22.357734" level="INFO">Clicking element 'xpath:/html/body/header/div/div[1]/jim-drilldown-mega-menu/nav/ul/li[10]/div/ul/li[1]/a'.</msg>
<arg>${sub_xpath}</arg>
<doc>Click the element identified by ``locator``.</doc>
<status status="PASS" start="2024-09-16T17:39:22.356742" elapsed="0.459682"/>
</kw>
<kw name="Sleep" owner="BuiltIn">
<msg time="2024-09-16T17:39:24.820087" level="INFO">Slept 2 seconds.</msg>
<arg>2s</arg>
<doc>Pauses the test executed for the given time.</doc>
<status status="PASS" start="2024-09-16T17:39:22.817428" elapsed="2.003801"/>
</kw>
<kw name="Page Should Contain" owner="SeleniumLibrary">
<msg time="2024-09-16T17:39:24.867403" level="INFO">Current page contains text 'Palvelut'.</msg>
<arg>${name}</arg>
<doc>Verifies that current page contains ``text``.</doc>
<status status="PASS" start="2024-09-16T17:39:24.821229" elapsed="0.047193"/>
</kw>
<kw name="Capture Page Screenshot" owner="SeleniumLibrary">
<msg time="2024-09-16T17:39:25.332853" level="INFO" html="true">&lt;/td&gt;&lt;/tr&gt;&lt;tr&gt;&lt;td colspan="3"&gt;&lt;a href="selenium-screenshot-10.png"&gt;&lt;img src="selenium-screenshot-10.png" width="800px"&gt;&lt;/a&gt;</msg>
<doc>Takes a screenshot of the current page and embeds it into a log file.</doc>
<status status="PASS" start="2024-09-16T17:39:24.868422" elapsed="0.465427"/>
</kw>
<kw name="Go Back" owner="SeleniumLibrary">
<doc>Simulates the user clicking the back button on their browser.</doc>
<status status="PASS" start="2024-09-16T17:39:25.334973" elapsed="0.092979"/>
</kw>
<kw name="Sleep" owner="BuiltIn">
<msg time="2024-09-16T17:39:26.428952" level="INFO">Slept 1 second.</msg>
<arg>1s</arg>
<doc>Pauses the test executed for the given time.</doc>
<status status="PASS" start="2024-09-16T17:39:25.427952" elapsed="1.002013"/>
</kw>
<var name="${index}">9</var>
<status status="PASS" start="2024-09-16T17:39:20.570735" elapsed="5.859230"/>
</iter>
<iter>
<kw name="Set Variable" owner="BuiltIn">
<msg time="2024-09-16T17:39:26.433960" level="INFO">${main_xpath} = xpath:/html/body/header/div/div[1]/jim-drilldown-mega-menu/nav/ul/li[11]/a</msg>
<var>${main_xpath}</var>
<arg>${MAIN_XPATHS}[${index}]</arg>
<doc>Returns the given values which can then be assigned to a variables.</doc>
<status status="PASS" start="2024-09-16T17:39:26.432025" elapsed="0.003022"/>
</kw>
<kw name="Set Variable" owner="BuiltIn">
<msg time="2024-09-16T17:39:26.437969" level="INFO">${sub_xpath} = xpath:/html/body/header/div/div[1]/jim-drilldown-mega-menu/nav/ul/li[11]/div/ul/li[1]/a</msg>
<var>${sub_xpath}</var>
<arg>${SUB_XPATHS}[${index}]</arg>
<doc>Returns the given values which can then be assigned to a variables.</doc>
<status status="PASS" start="2024-09-16T17:39:26.436099" elapsed="0.002885"/>
</kw>
<kw name="Set Variable" owner="BuiltIn">
<msg time="2024-09-16T17:39:26.442099" level="INFO">${name} = Kampanjat</msg>
<var>${name}</var>
<arg>${CATEGORIES}[${index}]</arg>
<doc>Returns the given values which can then be assigned to a variables.</doc>
<status status="PASS" start="2024-09-16T17:39:26.440983" elapsed="0.002110"/>
</kw>
<kw name="Wait Until Element Is Visible" owner="SeleniumLibrary">
<arg>${main_xpath}</arg>
<arg>timeout=10s</arg>
<doc>Waits until the element ``locator`` is visible.</doc>
<status status="PASS" start="2024-09-16T17:39:26.443732" elapsed="0.057814"/>
</kw>
<kw name="Wait Until Element Is Enabled" owner="SeleniumLibrary">
<arg>${main_xpath}</arg>
<arg>timeout=10s</arg>
<doc>Waits until the element ``locator`` is enabled.</doc>
<status status="PASS" start="2024-09-16T17:39:26.502487" elapsed="0.063491"/>
</kw>
<kw name="Sleep" owner="BuiltIn">
<msg time="2024-09-16T17:39:27.568275" level="INFO">Slept 1 second.</msg>
<arg>1s</arg>
<doc>Pauses the test executed for the given time.</doc>
<status status="PASS" start="2024-09-16T17:39:26.566987" elapsed="1.002439"/>
</kw>
<kw name="Click Element" owner="SeleniumLibrary">
<msg time="2024-09-16T17:39:27.571430" level="INFO">Clicking element 'xpath:/html/body/header/div/div[1]/jim-drilldown-mega-menu/nav/ul/li[11]/a'.</msg>
<arg>${main_xpath}</arg>
<doc>Click the element identified by ``locator``.</doc>
<status status="PASS" start="2024-09-16T17:39:27.569426" elapsed="0.140353"/>
</kw>
<kw name="Sleep" owner="BuiltIn">
<msg time="2024-09-16T17:39:28.212540" level="INFO">Slept 500 milliseconds.</msg>
<arg>0.5s</arg>
<doc>Pauses the test executed for the given time.</doc>
<status status="PASS" start="2024-09-16T17:39:27.710779" elapsed="0.502895"/>
</kw>
<kw name="Click Element" owner="SeleniumLibrary">
<msg time="2024-09-16T17:39:28.215679" level="INFO">Clicking element 'xpath:/html/body/header/div/div[1]/jim-drilldown-mega-menu/nav/ul/li[11]/div/ul/li[1]/a'.</msg>
<arg>${sub_xpath}</arg>
<doc>Click the element identified by ``locator``.</doc>
<status status="PASS" start="2024-09-16T17:39:28.214677" elapsed="0.586823"/>
</kw>
<kw name="Sleep" owner="BuiltIn">
<msg time="2024-09-16T17:39:30.802971" level="INFO">Slept 2 seconds.</msg>
<arg>2s</arg>
<doc>Pauses the test executed for the given time.</doc>
<status status="PASS" start="2024-09-16T17:39:28.802500" elapsed="2.001113"/>
</kw>
<kw name="Page Should Contain" owner="SeleniumLibrary">
<msg time="2024-09-16T17:39:30.853879" level="INFO">Current page contains text 'Kampanjat'.</msg>
<arg>${name}</arg>
<doc>Verifies that current page contains ``text``.</doc>
<status status="PASS" start="2024-09-16T17:39:30.804746" elapsed="0.050132"/>
</kw>
<kw name="Capture Page Screenshot" owner="SeleniumLibrary">
<msg time="2024-09-16T17:39:31.077769" level="INFO" html="true">&lt;/td&gt;&lt;/tr&gt;&lt;tr&gt;&lt;td colspan="3"&gt;&lt;a href="selenium-screenshot-11.png"&gt;&lt;img src="selenium-screenshot-11.png" width="800px"&gt;&lt;/a&gt;</msg>
<doc>Takes a screenshot of the current page and embeds it into a log file.</doc>
<status status="PASS" start="2024-09-16T17:39:30.854878" elapsed="0.223879"/>
</kw>
<kw name="Go Back" owner="SeleniumLibrary">
<doc>Simulates the user clicking the back button on their browser.</doc>
<status status="PASS" start="2024-09-16T17:39:31.079753" elapsed="0.074404"/>
</kw>
<kw name="Sleep" owner="BuiltIn">
<msg time="2024-09-16T17:39:32.156718" level="INFO">Slept 1 second.</msg>
<arg>1s</arg>
<doc>Pauses the test executed for the given time.</doc>
<status status="PASS" start="2024-09-16T17:39:31.155158" elapsed="1.002704"/>
</kw>
<var name="${index}">10</var>
<status status="PASS" start="2024-09-16T17:39:26.431041" elapsed="5.726821"/>
</iter>
<var>${index}</var>
<value>0</value>
<value>11</value>
<status status="PASS" start="2024-09-16T17:38:27.609337" elapsed="64.549523"/>
</for>
<kw name="Close Browser" owner="SeleniumLibrary">
<doc>Closes the current browser.</doc>
<status status="PASS" start="2024-09-16T17:39:32.160863" elapsed="2.661566"/>
</kw>
<doc>This test verifies that each product category in the nav bar has a valid landing page.</doc>
<status status="PASS" start="2024-09-16T17:38:22.348069" elapsed="72.476238"/>
</test>
<status status="PASS" start="2024-09-16T17:38:22.097929" elapsed="72.732469"/>
</suite>
<statistics>
<total>
<stat pass="1" fail="0" skip="0">All Tests</stat>
</total>
<tag>
</tag>
<suite>
<stat pass="1" fail="0" skip="0" id="s1" name="Testcase1">Testcase1</stat>
</suite>
</statistics>
<errors>
</errors>
</robot>
