<?xml version="1.0" encoding="UTF-8"?>
<robot generator="Robot 7.1 (Python 3.11.9 on win32)" generated="2024-09-29T15:50:32.866950" rpa="false" schemaversion="5">
<suite id="s1" name="Testcase6" source="c:\Users\Adam\cigan\software-testing-project\TestCases\testcase6.robot">
<test id="s1-t1" name="TC_UI_6 - Check for product price placement on 2 different places" line="10">
<kw name="Open Browser" owner="SeleniumLibrary">
<msg time="2024-09-29T15:50:33.474133" level="INFO">Opening browser 'Firefox' to base url 'https://www.jimms.fi/'.</msg>
<arg>https://www.jimms.fi/</arg>
<arg>Firefox</arg>
<doc>Opens a new browser instance to the optional ``url``.</doc>
<status status="PASS" start="2024-09-29T15:50:33.474133" elapsed="9.032316"/>
</kw>
<kw name="Sleep" owner="BuiltIn">
<msg time="2024-09-29T15:50:43.510686" level="INFO">Slept 1 second.</msg>
<arg>1s</arg>
<doc>Pauses the test executed for the given time.</doc>
<status status="PASS" start="2024-09-29T15:50:42.506449" elapsed="1.004237"/>
</kw>
<kw name="Click Element" owner="SeleniumLibrary">
<msg time="2024-09-29T15:50:43.510686" level="INFO">Clicking element 'xpath=//a[@href='/fi/Product/Komponentit']'.</msg>
<arg>xpath=//a[@href='/fi/Product/Komponentit']</arg>
<doc>Click the element identified by ``locator``.</doc>
<status status="PASS" start="2024-09-29T15:50:43.510686" elapsed="1.077593"/>
</kw>
<kw name="Wait Until Location Contains" owner="SeleniumLibrary">
<arg>/fi/Product/Komponentit</arg>
<doc>Waits until the current URL contains ``expected``.</doc>
<status status="PASS" start="2024-09-29T15:50:44.592281" elapsed="0.003989"/>
</kw>
<kw name="Get Text" owner="SeleniumLibrary">
<msg time="2024-09-29T15:50:44.641402" level="INFO">${frontpage_price} = 109,90 €</msg>
<var>${frontpage_price}</var>
<arg>xpath=//span[@class='price__amount'][1]</arg>
<doc>Returns the text value of the element identified by ``locator``.</doc>
<status status="PASS" start="2024-09-29T15:50:44.596270" elapsed="0.045132"/>
</kw>
<kw name="Log" owner="BuiltIn">
<msg time="2024-09-29T15:50:44.644463" level="INFO">109,90 €</msg>
<arg>${frontpage_price}</arg>
<doc>Logs the given message with the given level.</doc>
<status status="PASS" start="2024-09-29T15:50:44.644463" elapsed="0.000000"/>
</kw>
<kw name="Click Element" owner="SeleniumLibrary">
<msg time="2024-09-29T15:50:44.648416" level="INFO">Clicking element 'xpath=/html/body/main/div[2]/div/div[2]/div[4]/div/div[1]/product-box/div[2]/div[2]/h5/a'.</msg>
<arg>xpath=/html/body/main/div[2]/div/div[2]/div[4]/div/div[1]/product-box/div[2]/div[2]/h5/a</arg>
<doc>Click the element identified by ``locator``.</doc>
<status status="PASS" start="2024-09-29T15:50:44.644463" elapsed="0.720369"/>
</kw>
<kw name="Wait Until Location Contains" owner="SeleniumLibrary">
<arg>/fi/Product/Show/155730/0r20b00166/raijintek-metis-evo-als-mini-itx-kotelo-musta-tarjous-norm-139-90</arg>
<doc>Waits until the current URL contains ``expected``.</doc>
<status status="PASS" start="2024-09-29T15:50:45.368817" elapsed="0.003999"/>
</kw>
<kw name="Get Text" owner="SeleniumLibrary">
<msg time="2024-09-29T15:50:45.420828" level="INFO">${productpage_price} = 109,90 €</msg>
<var>${productpage_price}</var>
<arg>xpath=/html/body/main/div[1]/div[2]/div[1]/jim-product-cta-box/div/div[3]/div[1]/div[1]/span/span/span</arg>
<doc>Returns the text value of the element identified by ``locator``.</doc>
<status status="PASS" start="2024-09-29T15:50:45.372816" elapsed="0.048012"/>
</kw>
<kw name="Log" owner="BuiltIn">
<msg time="2024-09-29T15:50:45.420828" level="INFO">109,90 €</msg>
<arg>${productpage_price}</arg>
<doc>Logs the given message with the given level.</doc>
<status status="PASS" start="2024-09-29T15:50:45.420828" elapsed="0.000000"/>
</kw>
<kw name="Should Be Equal" owner="BuiltIn">
<arg>${frontpage_price}</arg>
<arg>${productpage_price}</arg>
<doc>Fails if the given objects are unequal.</doc>
<status status="PASS" start="2024-09-29T15:50:45.420828" elapsed="0.004002"/>
</kw>
<kw name="Sleep" owner="BuiltIn">
<msg time="2024-09-29T15:50:46.425118" level="INFO">Slept 1 second.</msg>
<arg>1s</arg>
<doc>Pauses the test executed for the given time.</doc>
<status status="PASS" start="2024-09-29T15:50:45.424830" elapsed="1.000288"/>
</kw>
<kw name="Close Browser" owner="SeleniumLibrary">
<doc>Closes the current browser.</doc>
<status status="PASS" start="2024-09-29T15:50:46.425118" elapsed="3.244882"/>
</kw>
<status status="PASS" start="2024-09-29T15:50:33.470132" elapsed="16.199868"/>
</test>
<status status="PASS" start="2024-09-29T15:50:32.875464" elapsed="16.802719"/>
</suite>
<statistics>
<total>
<stat pass="1" fail="0" skip="0">All Tests</stat>
</total>
<tag>
</tag>
<suite>
<stat pass="1" fail="0" skip="0" id="s1" name="Testcase6">Testcase6</stat>
</suite>
</statistics>
<errors>
</errors>
</robot>
